c:\users\zelek_f3uufcy\source\repos\ja_kamilwierzbicki_greenscreenremoval\ja_kamilwierzbicki_greenscreenremoval\debug\vc142.pdb
c:\users\zelek_f3uufcy\source\repos\ja_kamilwierzbicki_greenscreenremoval\ja_kamilwierzbicki_greenscreenremoval\debug\.netframework,version=v4.7.2.assemblyattributes.obj
c:\users\zelek_f3uufcy\source\repos\ja_kamilwierzbicki_greenscreenremoval\ja_kamilwierzbicki_greenscreenremoval\debug\main.obj
c:\users\zelek_f3uufcy\source\repos\ja_kamilwierzbicki_greenscreenremoval\ja_kamilwierzbicki_greenscreenremoval\debug\greenscreenremove.obj
c:\users\zelek_f3uufcy\source\repos\ja_kamilwierzbicki_greenscreenremoval\ja_kamilwierzbicki_greenscreenremoval\debug\jakamilwierzbickigreenscreenremoval.main.resources
c:\users\zelek_f3uufcy\source\repos\ja_kamilwierzbicki_greenscreenremoval\ja_kamilwierzbicki_greenscreenremoval\debug\greenscreen.obj
c:\users\zelek_f3uufcy\source\repos\ja_kamilwierzbicki_greenscreenremoval\debug\ja_kamilwierzbicki_greenscreenremoval.pdb
c:\users\zelek_f3uufcy\source\repos\ja_kamilwierzbicki_greenscreenremoval\ja_kamilwierzbicki_greenscreenremoval\debug\ja_kamil.52da6190.tlog\cl.command.1.tlog
c:\users\zelek_f3uufcy\source\repos\ja_kamilwierzbicki_greenscreenremoval\ja_kamilwierzbicki_greenscreenremoval\debug\ja_kamil.52da6190.tlog\cl.read.1.tlog
c:\users\zelek_f3uufcy\source\repos\ja_kamilwierzbicki_greenscreenremoval\ja_kamilwierzbicki_greenscreenremoval\debug\ja_kamil.52da6190.tlog\cl.write.1.tlog
c:\users\zelek_f3uufcy\source\repos\ja_kamilwierzbicki_greenscreenremoval\ja_kamilwierzbicki_greenscreenremoval\debug\ja_kamil.52da6190.tlog\ja_kamilwierzbicki_greenscreenremoval.write.1u.tlog
c:\users\zelek_f3uufcy\source\repos\ja_kamilwierzbicki_greenscreenremoval\ja_kamilwierzbicki_greenscreenremoval\debug\ja_kamil.52da6190.tlog\link.16984-cvtres.read.1.tlog
c:\users\zelek_f3uufcy\source\repos\ja_kamilwierzbicki_greenscreenremoval\ja_kamilwierzbicki_greenscreenremoval\debug\ja_kamil.52da6190.tlog\link.16984-cvtres.write.1.tlog
c:\users\zelek_f3uufcy\source\repos\ja_kamilwierzbicki_greenscreenremoval\ja_kamilwierzbicki_greenscreenremoval\debug\ja_kamil.52da6190.tlog\link.16984-rc.read.1.tlog
c:\users\zelek_f3uufcy\source\repos\ja_kamilwierzbicki_greenscreenremoval\ja_kamilwierzbicki_greenscreenremoval\debug\ja_kamil.52da6190.tlog\link.16984-rc.write.1.tlog
c:\users\zelek_f3uufcy\source\repos\ja_kamilwierzbicki_greenscreenremoval\ja_kamilwierzbicki_greenscreenremoval\debug\ja_kamil.52da6190.tlog\link.16984.read.1.tlog
c:\users\zelek_f3uufcy\source\repos\ja_kamilwierzbicki_greenscreenremoval\ja_kamilwierzbicki_greenscreenremoval\debug\ja_kamil.52da6190.tlog\link.16984.write.1.tlog
c:\users\zelek_f3uufcy\source\repos\ja_kamilwierzbicki_greenscreenremoval\ja_kamilwierzbicki_greenscreenremoval\debug\ja_kamil.52da6190.tlog\link.19360-cvtres.read.1.tlog
c:\users\zelek_f3uufcy\source\repos\ja_kamilwierzbicki_greenscreenremoval\ja_kamilwierzbicki_greenscreenremoval\debug\ja_kamil.52da6190.tlog\link.19360-cvtres.write.1.tlog
c:\users\zelek_f3uufcy\source\repos\ja_kamilwierzbicki_greenscreenremoval\ja_kamilwierzbicki_greenscreenremoval\debug\ja_kamil.52da6190.tlog\link.19360-rc.read.1.tlog
c:\users\zelek_f3uufcy\source\repos\ja_kamilwierzbicki_greenscreenremoval\ja_kamilwierzbicki_greenscreenremoval\debug\ja_kamil.52da6190.tlog\link.19360-rc.write.1.tlog
c:\users\zelek_f3uufcy\source\repos\ja_kamilwierzbicki_greenscreenremoval\ja_kamilwierzbicki_greenscreenremoval\debug\ja_kamil.52da6190.tlog\link.19360.read.1.tlog
c:\users\zelek_f3uufcy\source\repos\ja_kamilwierzbicki_greenscreenremoval\ja_kamilwierzbicki_greenscreenremoval\debug\ja_kamil.52da6190.tlog\link.19360.write.1.tlog
c:\users\zelek_f3uufcy\source\repos\ja_kamilwierzbicki_greenscreenremoval\ja_kamilwierzbicki_greenscreenremoval\debug\ja_kamil.52da6190.tlog\link.20684-cvtres.read.1.tlog
c:\users\zelek_f3uufcy\source\repos\ja_kamilwierzbicki_greenscreenremoval\ja_kamilwierzbicki_greenscreenremoval\debug\ja_kamil.52da6190.tlog\link.20684-cvtres.write.1.tlog
c:\users\zelek_f3uufcy\source\repos\ja_kamilwierzbicki_greenscreenremoval\ja_kamilwierzbicki_greenscreenremoval\debug\ja_kamil.52da6190.tlog\link.20684-rc.read.1.tlog
c:\users\zelek_f3uufcy\source\repos\ja_kamilwierzbicki_greenscreenremoval\ja_kamilwierzbicki_greenscreenremoval\debug\ja_kamil.52da6190.tlog\link.20684-rc.write.1.tlog
c:\users\zelek_f3uufcy\source\repos\ja_kamilwierzbicki_greenscreenremoval\ja_kamilwierzbicki_greenscreenremoval\debug\ja_kamil.52da6190.tlog\link.20684.read.1.tlog
c:\users\zelek_f3uufcy\source\repos\ja_kamilwierzbicki_greenscreenremoval\ja_kamilwierzbicki_greenscreenremoval\debug\ja_kamil.52da6190.tlog\link.20684.write.1.tlog
c:\users\zelek_f3uufcy\source\repos\ja_kamilwierzbicki_greenscreenremoval\ja_kamilwierzbicki_greenscreenremoval\debug\ja_kamil.52da6190.tlog\link.27196-cvtres.read.1.tlog
c:\users\zelek_f3uufcy\source\repos\ja_kamilwierzbicki_greenscreenremoval\ja_kamilwierzbicki_greenscreenremoval\debug\ja_kamil.52da6190.tlog\link.27196-cvtres.write.1.tlog
c:\users\zelek_f3uufcy\source\repos\ja_kamilwierzbicki_greenscreenremoval\ja_kamilwierzbicki_greenscreenremoval\debug\ja_kamil.52da6190.tlog\link.27196-rc.read.1.tlog
c:\users\zelek_f3uufcy\source\repos\ja_kamilwierzbicki_greenscreenremoval\ja_kamilwierzbicki_greenscreenremoval\debug\ja_kamil.52da6190.tlog\link.27196-rc.write.1.tlog
c:\users\zelek_f3uufcy\source\repos\ja_kamilwierzbicki_greenscreenremoval\ja_kamilwierzbicki_greenscreenremoval\debug\ja_kamil.52da6190.tlog\link.27196.read.1.tlog
c:\users\zelek_f3uufcy\source\repos\ja_kamilwierzbicki_greenscreenremoval\ja_kamilwierzbicki_greenscreenremoval\debug\ja_kamil.52da6190.tlog\link.27196.write.1.tlog
c:\users\zelek_f3uufcy\source\repos\ja_kamilwierzbicki_greenscreenremoval\ja_kamilwierzbicki_greenscreenremoval\debug\ja_kamil.52da6190.tlog\link.29468-cvtres.read.1.tlog
c:\users\zelek_f3uufcy\source\repos\ja_kamilwierzbicki_greenscreenremoval\ja_kamilwierzbicki_greenscreenremoval\debug\ja_kamil.52da6190.tlog\link.29468-cvtres.write.1.tlog
c:\users\zelek_f3uufcy\source\repos\ja_kamilwierzbicki_greenscreenremoval\ja_kamilwierzbicki_greenscreenremoval\debug\ja_kamil.52da6190.tlog\link.29468-rc.read.1.tlog
c:\users\zelek_f3uufcy\source\repos\ja_kamilwierzbicki_greenscreenremoval\ja_kamilwierzbicki_greenscreenremoval\debug\ja_kamil.52da6190.tlog\link.29468-rc.write.1.tlog
c:\users\zelek_f3uufcy\source\repos\ja_kamilwierzbicki_greenscreenremoval\ja_kamilwierzbicki_greenscreenremoval\debug\ja_kamil.52da6190.tlog\link.29468.read.1.tlog
c:\users\zelek_f3uufcy\source\repos\ja_kamilwierzbicki_greenscreenremoval\ja_kamilwierzbicki_greenscreenremoval\debug\ja_kamil.52da6190.tlog\link.29468.write.1.tlog
c:\users\zelek_f3uufcy\source\repos\ja_kamilwierzbicki_greenscreenremoval\ja_kamilwierzbicki_greenscreenremoval\debug\ja_kamil.52da6190.tlog\link.31672-cvtres.read.1.tlog
c:\users\zelek_f3uufcy\source\repos\ja_kamilwierzbicki_greenscreenremoval\ja_kamilwierzbicki_greenscreenremoval\debug\ja_kamil.52da6190.tlog\link.31672-cvtres.write.1.tlog
c:\users\zelek_f3uufcy\source\repos\ja_kamilwierzbicki_greenscreenremoval\ja_kamilwierzbicki_greenscreenremoval\debug\ja_kamil.52da6190.tlog\link.31672-rc.read.1.tlog
c:\users\zelek_f3uufcy\source\repos\ja_kamilwierzbicki_greenscreenremoval\ja_kamilwierzbicki_greenscreenremoval\debug\ja_kamil.52da6190.tlog\link.31672-rc.write.1.tlog
c:\users\zelek_f3uufcy\source\repos\ja_kamilwierzbicki_greenscreenremoval\ja_kamilwierzbicki_greenscreenremoval\debug\ja_kamil.52da6190.tlog\link.31672.read.1.tlog
c:\users\zelek_f3uufcy\source\repos\ja_kamilwierzbicki_greenscreenremoval\ja_kamilwierzbicki_greenscreenremoval\debug\ja_kamil.52da6190.tlog\link.31672.write.1.tlog
c:\users\zelek_f3uufcy\source\repos\ja_kamilwierzbicki_greenscreenremoval\ja_kamilwierzbicki_greenscreenremoval\debug\ja_kamil.52da6190.tlog\link.6784-cvtres.read.1.tlog
c:\users\zelek_f3uufcy\source\repos\ja_kamilwierzbicki_greenscreenremoval\ja_kamilwierzbicki_greenscreenremoval\debug\ja_kamil.52da6190.tlog\link.6784-cvtres.write.1.tlog
c:\users\zelek_f3uufcy\source\repos\ja_kamilwierzbicki_greenscreenremoval\ja_kamilwierzbicki_greenscreenremoval\debug\ja_kamil.52da6190.tlog\link.6784-rc.read.1.tlog
c:\users\zelek_f3uufcy\source\repos\ja_kamilwierzbicki_greenscreenremoval\ja_kamilwierzbicki_greenscreenremoval\debug\ja_kamil.52da6190.tlog\link.6784-rc.write.1.tlog
c:\users\zelek_f3uufcy\source\repos\ja_kamilwierzbicki_greenscreenremoval\ja_kamilwierzbicki_greenscreenremoval\debug\ja_kamil.52da6190.tlog\link.6784.read.1.tlog
c:\users\zelek_f3uufcy\source\repos\ja_kamilwierzbicki_greenscreenremoval\ja_kamilwierzbicki_greenscreenremoval\debug\ja_kamil.52da6190.tlog\link.6784.write.1.tlog
c:\users\zelek_f3uufcy\source\repos\ja_kamilwierzbicki_greenscreenremoval\ja_kamilwierzbicki_greenscreenremoval\debug\ja_kamil.52da6190.tlog\link.command.1.tlog
c:\users\zelek_f3uufcy\source\repos\ja_kamilwierzbicki_greenscreenremoval\ja_kamilwierzbicki_greenscreenremoval\debug\ja_kamil.52da6190.tlog\link.read.1.tlog
c:\users\zelek_f3uufcy\source\repos\ja_kamilwierzbicki_greenscreenremoval\ja_kamilwierzbicki_greenscreenremoval\debug\ja_kamil.52da6190.tlog\link.write.1.tlog
c:\users\zelek_f3uufcy\source\repos\ja_kamilwierzbicki_greenscreenremoval\ja_kamilwierzbicki_greenscreenremoval\debug\ja_kamil.52da6190.tlog\masm.read.1u.tlog
c:\users\zelek_f3uufcy\source\repos\ja_kamilwierzbicki_greenscreenremoval\ja_kamilwierzbicki_greenscreenremoval\debug\ja_kamil.52da6190.tlog\masm.write.1u.tlog
c:\users\zelek_f3uufcy\source\repos\ja_kamilwierzbicki_greenscreenremoval\ja_kamilwierzbicki_greenscreenremoval\debug\ja_kamil.52da6190.tlog\metagen.read.1.tlog
c:\users\zelek_f3uufcy\source\repos\ja_kamilwierzbicki_greenscreenremoval\ja_kamilwierzbicki_greenscreenremoval\debug\ja_kamil.52da6190.tlog\metagen.write.1.tlog
